<?xml version="1.0" encoding="UTF-8"?>
<!-- Generated by org.testng.reporters.JUnitReportReporter -->
<testsuite hostname="DESKTOP-JBNN179" failures="0" tests="1" name="com.niranjan.automation.businessscripts.InstaTest" time="52.375" errors="0" timestamp="2024-06-11T10:19:51 IST" skipped="0">
  <testcase classname="com.niranjan.automation.businessscripts.InstaTest" name="instaTest" time="52.375"/>
  <system-out/>
</testsuite> <!-- com.niranjan.automation.businessscripts.InstaTest -->
